Flow report for MCU2
Sun Nov 03 19:51:28 2019
Quartus II 64-Bit Version 13.1.0 Build 162 10/23/2013 SJ Full Version


---------------------
; Table of Contents ;
---------------------
  1. Legal Notice
  2. Flow Summary
  3. Flow Settings
  4. Flow Non-Default Global Settings
  5. Flow Elapsed Time
  6. Flow OS Summary
  7. Flow Log
  8. Flow Messages
  9. Flow Suppressed Messages



----------------
; Legal Notice ;
----------------
Copyright (C) 1991-2013 Altera Corporation
Your use of Altera Corporation's design tools, logic functions 
and other software and tools, and its AMPP partner logic 
functions, and any output files from any of the foregoing 
(including device programming or simulation files), and any 
associated documentation or information are expressly subject 
to the terms and conditions of the Altera Program License 
Subscription Agreement, Altera MegaCore Function License 
Agreement, or other applicable license agreement, including, 
without limitation, that your use is for the sole purpose of 
programming logic devices manufactured by Altera and sold by 
Altera or its authorized distributors.  Please refer to the 
applicable agreement for further details.



+----------------------------------------------------------------------------------+
; Flow Summary                                                                     ;
+------------------------------------+---------------------------------------------+
; Flow Status                        ; Successful - Sun Nov 03 19:51:28 2019       ;
; Quartus II 64-Bit Version          ; 13.1.0 Build 162 10/23/2013 SJ Full Version ;
; Revision Name                      ; MCU2                                        ;
; Top-level Entity Name              ; MCU2                                        ;
; Family                             ; Cyclone IV GX                               ;
; Total logic elements               ; 6,432 / 29,440 ( 22 % )                     ;
;     Total combinational functions  ; 4,332 / 29,440 ( 15 % )                     ;
;     Dedicated logic registers      ; 4,324 / 29,440 ( 15 % )                     ;
; Total registers                    ; 4324                                        ;
; Total pins                         ; 167 / 307 ( 54 % )                          ;
; Total virtual pins                 ; 0                                           ;
; Total memory bits                  ; 8,192 / 1,105,920 ( < 1 % )                 ;
; Embedded Multiplier 9-bit elements ; 0 / 160 ( 0 % )                             ;
; Total GXB Receiver Channel PCS     ; 0 / 4 ( 0 % )                               ;
; Total GXB Receiver Channel PMA     ; 0 / 4 ( 0 % )                               ;
; Total GXB Transmitter Channel PCS  ; 0 / 4 ( 0 % )                               ;
; Total GXB Transmitter Channel PMA  ; 0 / 4 ( 0 % )                               ;
; Total PLLs                         ; 0 / 6 ( 0 % )                               ;
; Device                             ; EP4CGX30CF23C6                              ;
; Timing Models                      ; Final                                       ;
+------------------------------------+---------------------------------------------+


+-----------------------------------------+
; Flow Settings                           ;
+-------------------+---------------------+
; Option            ; Setting             ;
+-------------------+---------------------+
; Start date & time ; 11/03/2019 19:46:29 ;
; Main task         ; Compilation         ;
; Revision Name     ; MCU2                ;
+-------------------+---------------------+


+----------------------------------------------------------------------------------------------------------------------------------+
; Flow Non-Default Global Settings                                                                                                 ;
+-------------------------------------+---------------------------------------------+---------------+-------------+----------------+
; Assignment Name                     ; Value                                       ; Default Value ; Entity Name ; Section Id     ;
+-------------------------------------+---------------------------------------------+---------------+-------------+----------------+
; COMPILER_SIGNATURE_ID               ; 216182566830051.157278158901592             ; --            ; --          ; --             ;
; EDA_GENERATE_FUNCTIONAL_NETLIST     ; On                                          ; --            ; --          ; eda_simulation ;
; EDA_NETLIST_WRITER_OUTPUT_DIR       ; C:/Users/84368/Desktop/MCU/simulation/qsim/ ; --            ; --          ; eda_simulation ;
; EDA_OUTPUT_DATA_FORMAT              ; Verilog Hdl                                 ; --            ; --          ; eda_simulation ;
; EDA_SIMULATION_TOOL                 ; ModelSim-Altera (Verilog)                   ; <None>        ; --          ; --             ;
; PARTITION_COLOR                     ; 16764057                                    ; --            ; --          ; Top            ;
; PARTITION_FITTER_PRESERVATION_LEVEL ; PLACEMENT_AND_ROUTING                       ; --            ; --          ; Top            ;
; PARTITION_NETLIST_TYPE              ; SOURCE                                      ; --            ; --          ; Top            ;
; PROJECT_OUTPUT_DIRECTORY            ; output_files                                ; --            ; --          ; --             ;
+-------------------------------------+---------------------------------------------+---------------+-------------+----------------+


+-------------------------------------------------------------------------------------------------------------------------------+
; Flow Elapsed Time                                                                                                             ;
+---------------------------+--------------+-------------------------+---------------------+------------------------------------+
; Module Name               ; Elapsed Time ; Average Processors Used ; Peak Virtual Memory ; Total CPU Time (on all processors) ;
+---------------------------+--------------+-------------------------+---------------------+------------------------------------+
; Analysis & Synthesis      ; 00:00:15     ; 1.0                     ; 4727 MB             ; 00:00:15                           ;
; Fitter                    ; 00:03:23     ; 1.3                     ; 5487 MB             ; 00:03:36                           ;
; Assembler                 ; 00:00:04     ; 1.0                     ; 4694 MB             ; 00:00:04                           ;
; TimeQuest Timing Analyzer ; 00:00:10     ; 1.2                     ; 4796 MB             ; 00:00:09                           ;
; EDA Netlist Writer        ; 00:00:02     ; 1.0                     ; 4666 MB             ; 00:00:02                           ;
; EDA Netlist Writer        ; 00:00:01     ; 1.0                     ; 4669 MB             ; 00:00:01                           ;
; EDA Netlist Writer        ; 00:00:02     ; 1.0                     ; 4677 MB             ; 00:00:02                           ;
; EDA Netlist Writer        ; 00:00:01     ; 1.0                     ; 4661 MB             ; 00:00:01                           ;
; EDA Netlist Writer        ; 00:00:02     ; 1.0                     ; 4677 MB             ; 00:00:02                           ;
; Total                     ; 00:04:00     ; --                      ; --                  ; 00:04:12                           ;
+---------------------------+--------------+-------------------------+---------------------+------------------------------------+


+----------------------------------------------------------------------------------------+
; Flow OS Summary                                                                        ;
+---------------------------+------------------+-----------+------------+----------------+
; Module Name               ; Machine Hostname ; OS Name   ; OS Version ; Processor type ;
+---------------------------+------------------+-----------+------------+----------------+
; Analysis & Synthesis      ; BeautifulFork    ; Windows 7 ; 6.2        ; x86_64         ;
; Fitter                    ; BeautifulFork    ; Windows 7 ; 6.2        ; x86_64         ;
; Assembler                 ; BeautifulFork    ; Windows 7 ; 6.2        ; x86_64         ;
; TimeQuest Timing Analyzer ; BeautifulFork    ; Windows 7 ; 6.2        ; x86_64         ;
; EDA Netlist Writer        ; BeautifulFork    ; Windows 7 ; 6.2        ; x86_64         ;
; EDA Netlist Writer        ; BeautifulFork    ; Windows 7 ; 6.2        ; x86_64         ;
; EDA Netlist Writer        ; BeautifulFork    ; Windows 7 ; 6.2        ; x86_64         ;
; EDA Netlist Writer        ; BeautifulFork    ; Windows 7 ; 6.2        ; x86_64         ;
; EDA Netlist Writer        ; BeautifulFork    ; Windows 7 ; 6.2        ; x86_64         ;
+---------------------------+------------------+-----------+------------+----------------+


------------
; Flow Log ;
------------
quartus_map --read_settings_files=on --write_settings_files=off MCU2 -c MCU2
quartus_fit --read_settings_files=off --write_settings_files=off MCU2 -c MCU2
quartus_asm --read_settings_files=off --write_settings_files=off MCU2 -c MCU2
quartus_sta MCU2 -c MCU2
quartus_eda --read_settings_files=off --write_settings_files=off MCU2 -c MCU2
quartus_eda --gen_testbench --check_outputs=on --tool=modelsim_oem --format=verilog MCU2 -c MCU2 --vector_source=C:/Users/84368/Desktop/MCU/Waveform.vwf --testbench_file=C:/Users/84368/Desktop/MCU/simulation/qsim/Waveform.vwf.vt
quartus_eda --functional=on --flatten_buses=off --simulation=on --tool=modelsim_oem --format=verilog --output_directory=C:/Users/84368/Desktop/MCU/simulation/qsim/ MCU2 -c MCU2
quartus_eda --gen_testbench --check_outputs=on --tool=modelsim_oem --format=verilog MCU2 -c MCU2 --vector_source=C:/Users/84368/Desktop/MCU/Waveform.vwf --testbench_file=C:/Users/84368/Desktop/MCU/simulation/qsim/Waveform.vwf.vt
quartus_eda --functional=on --flatten_buses=off --simulation=on --tool=modelsim_oem --format=verilog --output_directory=C:/Users/84368/Desktop/MCU/simulation/qsim/ MCU2 -c MCU2



